2020-mrt.-11 13:44:20.270 INFO  [main] n.b.f.FooddiaryApplication - Starting FooddiaryApplication on bin302 with PID 23135 (/homes/twagenaar/Jaar3/fooddiaryforked/build/classes/java/main started by twagenaar in /homes/twagenaar/Jaar3/fooddiaryforked)
2020-mrt.-11 13:44:20.271 DEBUG [main] n.b.f.FooddiaryApplication - Running with Spring Boot v2.2.4.RELEASE, Spring v5.2.3.RELEASE
2020-mrt.-11 13:44:20.271 INFO  [main] n.b.f.FooddiaryApplication - No active profile set, falling back to default profiles: default
2020-mrt.-11 13:44:20.791 DEBUG [main] o.h.v.i.e.r.TraversableResolvers - Cannot find javax.persistence.Persistence on classpath. Assuming non JPA 2 environment. All properties will per default be traversable.
2020-mrt.-11 13:44:20.792 DEBUG [main] o.h.v.m.ResourceBundleMessageInterpolator - Loaded expression factory via original TCCL
2020-mrt.-11 13:44:20.794 DEBUG [main] o.h.v.i.e.r.TraversableResolvers - Cannot find javax.persistence.Persistence on classpath. Assuming non JPA 2 environment. All properties will per default be traversable.
2020-mrt.-11 13:44:20.795 DEBUG [main] o.h.v.i.e.ConfigurationImpl - Setting custom MessageInterpolator of type org.springframework.validation.beanvalidation.LocaleContextMessageInterpolator
2020-mrt.-11 13:44:20.796 DEBUG [main] o.h.v.i.e.ConfigurationImpl - Setting custom ConstraintValidatorFactory of type org.springframework.validation.beanvalidation.SpringConstraintValidatorFactory
2020-mrt.-11 13:44:20.796 DEBUG [main] o.h.v.i.e.ConfigurationImpl - Setting custom ParameterNameProvider of type org.springframework.validation.beanvalidation.LocalValidatorFactoryBean$1
2020-mrt.-11 13:44:20.797 DEBUG [main] o.h.v.i.x.c.ValidationXmlParser - Trying to load META-INF/validation.xml for XML based Validator configuration.
2020-mrt.-11 13:44:20.797 DEBUG [main] o.h.v.i.x.c.ResourceLoaderHelper - Trying to load META-INF/validation.xml via user class loader
2020-mrt.-11 13:44:20.797 DEBUG [main] o.h.v.i.x.c.ResourceLoaderHelper - Trying to load META-INF/validation.xml via TCCL
2020-mrt.-11 13:44:20.797 DEBUG [main] o.h.v.i.x.c.ResourceLoaderHelper - Trying to load META-INF/validation.xml via Hibernate Validator's class loader
2020-mrt.-11 13:44:20.798 DEBUG [main] o.h.v.i.x.c.ValidationXmlParser - No META-INF/validation.xml found. Using annotation based configuration only.
2020-mrt.-11 13:44:20.801 DEBUG [main] o.h.v.i.e.ValidatorFactoryImpl - HV000234: Using org.springframework.validation.beanvalidation.LocaleContextMessageInterpolator as ValidatorFactory-scoped message interpolator.
2020-mrt.-11 13:44:20.801 DEBUG [main] o.h.v.i.e.ValidatorFactoryImpl - HV000234: Using org.hibernate.validator.internal.engine.resolver.TraverseAllTraversableResolver as ValidatorFactory-scoped traversable resolver.
2020-mrt.-11 13:44:20.802 DEBUG [main] o.h.v.i.e.ValidatorFactoryImpl - HV000234: Using org.hibernate.validator.internal.util.ExecutableParameterNameProvider as ValidatorFactory-scoped parameter name provider.
2020-mrt.-11 13:44:20.802 DEBUG [main] o.h.v.i.e.ValidatorFactoryImpl - HV000234: Using org.hibernate.validator.internal.engine.DefaultClockProvider as ValidatorFactory-scoped clock provider.
2020-mrt.-11 13:44:20.803 DEBUG [main] o.h.v.i.e.ValidatorFactoryImpl - HV000234: Using org.hibernate.validator.internal.engine.scripting.DefaultScriptEvaluatorFactory as ValidatorFactory-scoped script evaluator factory.
2020-mrt.-11 13:44:20.960 DEBUG [main] o.s.s.c.a.a.c.AuthenticationConfiguration$EnableGlobalAuthenticationAutowiredConfigurer - Eagerly initializing {org.springframework.boot.autoconfigure.security.servlet.WebSecurityEnablerConfiguration=org.springframework.boot.autoconfigure.security.servlet.WebSecurityEnablerConfiguration@726aa968}
2020-mrt.-11 13:44:20.979 DEBUG [main] o.s.s.c.a.w.c.WebSecurityConfigurerAdapter - Using default configure(HttpSecurity). If subclassed this will potentially override subclass configure(HttpSecurity).
2020-mrt.-11 13:44:20.993 DEBUG [main] o.s.s.w.a.e.ExpressionBasedFilterInvocationSecurityMetadataSource - Adding web access control expression 'authenticated', for any request
2020-mrt.-11 13:44:20.995 DEBUG [main] o.s.s.w.a.i.FilterSecurityInterceptor - Validated configuration attributes
2020-mrt.-11 13:44:20.996 DEBUG [main] o.s.s.w.a.i.FilterSecurityInterceptor - Validated configuration attributes
2020-mrt.-11 13:44:20.997 INFO  [main] o.s.s.w.DefaultSecurityFilterChain - Creating filter chain: any request, [org.springframework.security.web.context.request.async.WebAsyncManagerIntegrationFilter@c269425, org.springframework.security.web.context.SecurityContextPersistenceFilter@3791f50e, org.springframework.security.web.header.HeaderWriterFilter@75a0c890, org.springframework.security.web.csrf.CsrfFilter@5ed4bc, org.springframework.security.web.authentication.logout.LogoutFilter@2e1ddc90, org.springframework.security.web.authentication.UsernamePasswordAuthenticationFilter@650ae78c, org.springframework.security.web.authentication.ui.DefaultLoginPageGeneratingFilter@3bd6ba24, org.springframework.security.web.authentication.ui.DefaultLogoutPageGeneratingFilter@6e43ddd6, org.springframework.security.web.authentication.www.BasicAuthenticationFilter@5e1dde44, org.springframework.security.web.savedrequest.RequestCacheAwareFilter@44ed0a8f, org.springframework.security.web.servletapi.SecurityContextHolderAwareRequestFilter@26c89563, org.springframework.security.web.authentication.AnonymousAuthenticationFilter@51d719bc, org.springframework.security.web.session.SessionManagementFilter@e26af6, org.springframework.security.web.access.ExceptionTranslationFilter@9679750, org.springframework.security.web.access.intercept.FilterSecurityInterceptor@5c83ae01]
2020-mrt.-11 13:44:21.028 INFO  [main] n.b.f.FooddiaryApplication - Started FooddiaryApplication in 0.946 seconds (JVM running for 1.269)
2020-mrt.-11 13:44:21.029 DEBUG [main] n.b.f.FooddiaryApplication - --FooddiaryApplication started!--
2020-mrt.-11 13:44:24.650 DEBUG [http-nio-8080-exec-1] o.s.s.w.FilterChainProxy - /login at position 1 of 15 in additional filter chain; firing Filter: 'WebAsyncManagerIntegrationFilter'
2020-mrt.-11 13:44:24.652 DEBUG [http-nio-8080-exec-1] o.s.s.w.FilterChainProxy - /login at position 2 of 15 in additional filter chain; firing Filter: 'SecurityContextPersistenceFilter'
2020-mrt.-11 13:44:24.652 DEBUG [http-nio-8080-exec-1] o.s.s.w.c.HttpSessionSecurityContextRepository - No HttpSession currently exists
2020-mrt.-11 13:44:24.652 DEBUG [http-nio-8080-exec-1] o.s.s.w.c.HttpSessionSecurityContextRepository - No SecurityContext was available from the HttpSession: null. A new one will be created.
2020-mrt.-11 13:44:24.653 DEBUG [http-nio-8080-exec-1] o.s.s.w.FilterChainProxy - /login at position 3 of 15 in additional filter chain; firing Filter: 'HeaderWriterFilter'
2020-mrt.-11 13:44:24.655 DEBUG [http-nio-8080-exec-1] o.s.s.w.FilterChainProxy - /login at position 4 of 15 in additional filter chain; firing Filter: 'CsrfFilter'
2020-mrt.-11 13:44:24.655 DEBUG [http-nio-8080-exec-1] o.s.s.w.FilterChainProxy - /login at position 5 of 15 in additional filter chain; firing Filter: 'LogoutFilter'
2020-mrt.-11 13:44:24.655 DEBUG [http-nio-8080-exec-1] o.s.s.w.u.m.AntPathRequestMatcher - Request 'GET /login' doesn't match 'POST /logout'
2020-mrt.-11 13:44:24.655 DEBUG [http-nio-8080-exec-1] o.s.s.w.FilterChainProxy - /login at position 6 of 15 in additional filter chain; firing Filter: 'UsernamePasswordAuthenticationFilter'
2020-mrt.-11 13:44:24.655 DEBUG [http-nio-8080-exec-1] o.s.s.w.u.m.AntPathRequestMatcher - Request 'GET /login' doesn't match 'POST /login'
2020-mrt.-11 13:44:24.656 DEBUG [http-nio-8080-exec-1] o.s.s.w.FilterChainProxy - /login at position 7 of 15 in additional filter chain; firing Filter: 'DefaultLoginPageGeneratingFilter'
2020-mrt.-11 13:44:24.662 DEBUG [http-nio-8080-exec-1] o.s.s.w.h.w.HstsHeaderWriter - Not injecting HSTS header since it did not match the requestMatcher org.springframework.security.web.header.writers.HstsHeaderWriter$SecureRequestMatcher@12432c96
2020-mrt.-11 13:44:24.662 DEBUG [http-nio-8080-exec-1] o.s.s.w.c.HttpSessionSecurityContextRepository - SecurityContext is empty or contents are anonymous - context will not be stored in HttpSession.
2020-mrt.-11 13:44:24.664 DEBUG [http-nio-8080-exec-1] o.s.s.w.c.SecurityContextPersistenceFilter - SecurityContextHolder now cleared, as request processing completed
2020-mrt.-11 13:44:25.184 DEBUG [http-nio-8080-exec-2] o.s.s.w.FilterChainProxy - /login at position 1 of 15 in additional filter chain; firing Filter: 'WebAsyncManagerIntegrationFilter'
2020-mrt.-11 13:44:25.185 DEBUG [http-nio-8080-exec-2] o.s.s.w.FilterChainProxy - /login at position 2 of 15 in additional filter chain; firing Filter: 'SecurityContextPersistenceFilter'
2020-mrt.-11 13:44:25.185 DEBUG [http-nio-8080-exec-2] o.s.s.w.c.HttpSessionSecurityContextRepository - HttpSession returned null object for SPRING_SECURITY_CONTEXT
2020-mrt.-11 13:44:25.185 DEBUG [http-nio-8080-exec-2] o.s.s.w.c.HttpSessionSecurityContextRepository - No SecurityContext was available from the HttpSession: org.apache.catalina.session.StandardSessionFacade@5faf2bd2. A new one will be created.
2020-mrt.-11 13:44:25.185 DEBUG [http-nio-8080-exec-2] o.s.s.w.FilterChainProxy - /login at position 3 of 15 in additional filter chain; firing Filter: 'HeaderWriterFilter'
2020-mrt.-11 13:44:25.185 DEBUG [http-nio-8080-exec-2] o.s.s.w.FilterChainProxy - /login at position 4 of 15 in additional filter chain; firing Filter: 'CsrfFilter'
2020-mrt.-11 13:44:25.185 DEBUG [http-nio-8080-exec-2] o.s.s.w.FilterChainProxy - /login at position 5 of 15 in additional filter chain; firing Filter: 'LogoutFilter'
2020-mrt.-11 13:44:25.187 DEBUG [http-nio-8080-exec-2] o.s.s.w.u.m.AntPathRequestMatcher - Request 'GET /login' doesn't match 'POST /logout'
2020-mrt.-11 13:44:25.187 DEBUG [http-nio-8080-exec-2] o.s.s.w.FilterChainProxy - /login at position 6 of 15 in additional filter chain; firing Filter: 'UsernamePasswordAuthenticationFilter'
2020-mrt.-11 13:44:25.187 DEBUG [http-nio-8080-exec-2] o.s.s.w.u.m.AntPathRequestMatcher - Request 'GET /login' doesn't match 'POST /login'
2020-mrt.-11 13:44:25.187 DEBUG [http-nio-8080-exec-2] o.s.s.w.FilterChainProxy - /login at position 7 of 15 in additional filter chain; firing Filter: 'DefaultLoginPageGeneratingFilter'
2020-mrt.-11 13:44:25.187 DEBUG [http-nio-8080-exec-2] o.s.s.w.h.w.HstsHeaderWriter - Not injecting HSTS header since it did not match the requestMatcher org.springframework.security.web.header.writers.HstsHeaderWriter$SecureRequestMatcher@12432c96
2020-mrt.-11 13:44:25.187 DEBUG [http-nio-8080-exec-2] o.s.s.w.c.HttpSessionSecurityContextRepository - SecurityContext is empty or contents are anonymous - context will not be stored in HttpSession.
2020-mrt.-11 13:44:25.188 DEBUG [http-nio-8080-exec-2] o.s.s.w.c.SecurityContextPersistenceFilter - SecurityContextHolder now cleared, as request processing completed
2020-mrt.-11 13:44:25.374 DEBUG [http-nio-8080-exec-3] o.s.s.w.FilterChainProxy - /login at position 1 of 15 in additional filter chain; firing Filter: 'WebAsyncManagerIntegrationFilter'
2020-mrt.-11 13:44:25.374 DEBUG [http-nio-8080-exec-3] o.s.s.w.FilterChainProxy - /login at position 2 of 15 in additional filter chain; firing Filter: 'SecurityContextPersistenceFilter'
2020-mrt.-11 13:44:25.374 DEBUG [http-nio-8080-exec-3] o.s.s.w.c.HttpSessionSecurityContextRepository - HttpSession returned null object for SPRING_SECURITY_CONTEXT
2020-mrt.-11 13:44:25.374 DEBUG [http-nio-8080-exec-3] o.s.s.w.c.HttpSessionSecurityContextRepository - No SecurityContext was available from the HttpSession: org.apache.catalina.session.StandardSessionFacade@5faf2bd2. A new one will be created.
2020-mrt.-11 13:44:25.374 DEBUG [http-nio-8080-exec-3] o.s.s.w.FilterChainProxy - /login at position 3 of 15 in additional filter chain; firing Filter: 'HeaderWriterFilter'
2020-mrt.-11 13:44:25.374 DEBUG [http-nio-8080-exec-3] o.s.s.w.FilterChainProxy - /login at position 4 of 15 in additional filter chain; firing Filter: 'CsrfFilter'
2020-mrt.-11 13:44:25.375 DEBUG [http-nio-8080-exec-3] o.s.s.w.FilterChainProxy - /login at position 5 of 15 in additional filter chain; firing Filter: 'LogoutFilter'
2020-mrt.-11 13:44:25.375 DEBUG [http-nio-8080-exec-3] o.s.s.w.u.m.AntPathRequestMatcher - Request 'GET /login' doesn't match 'POST /logout'
2020-mrt.-11 13:44:25.375 DEBUG [http-nio-8080-exec-3] o.s.s.w.FilterChainProxy - /login at position 6 of 15 in additional filter chain; firing Filter: 'UsernamePasswordAuthenticationFilter'
2020-mrt.-11 13:44:25.376 DEBUG [http-nio-8080-exec-3] o.s.s.w.u.m.AntPathRequestMatcher - Request 'GET /login' doesn't match 'POST /login'
2020-mrt.-11 13:44:25.376 DEBUG [http-nio-8080-exec-3] o.s.s.w.FilterChainProxy - /login at position 7 of 15 in additional filter chain; firing Filter: 'DefaultLoginPageGeneratingFilter'
2020-mrt.-11 13:44:25.376 DEBUG [http-nio-8080-exec-3] o.s.s.w.h.w.HstsHeaderWriter - Not injecting HSTS header since it did not match the requestMatcher org.springframework.security.web.header.writers.HstsHeaderWriter$SecureRequestMatcher@12432c96
2020-mrt.-11 13:44:25.376 DEBUG [http-nio-8080-exec-3] o.s.s.w.c.HttpSessionSecurityContextRepository - SecurityContext is empty or contents are anonymous - context will not be stored in HttpSession.
2020-mrt.-11 13:44:25.377 DEBUG [http-nio-8080-exec-3] o.s.s.w.c.SecurityContextPersistenceFilter - SecurityContextHolder now cleared, as request processing completed
2020-mrt.-11 13:44:25.532 DEBUG [http-nio-8080-exec-4] o.s.s.w.FilterChainProxy - /login at position 1 of 15 in additional filter chain; firing Filter: 'WebAsyncManagerIntegrationFilter'
2020-mrt.-11 13:44:25.532 DEBUG [http-nio-8080-exec-4] o.s.s.w.FilterChainProxy - /login at position 2 of 15 in additional filter chain; firing Filter: 'SecurityContextPersistenceFilter'
2020-mrt.-11 13:44:25.532 DEBUG [http-nio-8080-exec-4] o.s.s.w.c.HttpSessionSecurityContextRepository - HttpSession returned null object for SPRING_SECURITY_CONTEXT
2020-mrt.-11 13:44:25.532 DEBUG [http-nio-8080-exec-4] o.s.s.w.c.HttpSessionSecurityContextRepository - No SecurityContext was available from the HttpSession: org.apache.catalina.session.StandardSessionFacade@5faf2bd2. A new one will be created.
2020-mrt.-11 13:44:25.532 DEBUG [http-nio-8080-exec-4] o.s.s.w.FilterChainProxy - /login at position 3 of 15 in additional filter chain; firing Filter: 'HeaderWriterFilter'
2020-mrt.-11 13:44:25.532 DEBUG [http-nio-8080-exec-4] o.s.s.w.FilterChainProxy - /login at position 4 of 15 in additional filter chain; firing Filter: 'CsrfFilter'
2020-mrt.-11 13:44:25.532 DEBUG [http-nio-8080-exec-4] o.s.s.w.FilterChainProxy - /login at position 5 of 15 in additional filter chain; firing Filter: 'LogoutFilter'
2020-mrt.-11 13:44:25.532 DEBUG [http-nio-8080-exec-4] o.s.s.w.u.m.AntPathRequestMatcher - Request 'GET /login' doesn't match 'POST /logout'
2020-mrt.-11 13:44:25.532 DEBUG [http-nio-8080-exec-4] o.s.s.w.FilterChainProxy - /login at position 6 of 15 in additional filter chain; firing Filter: 'UsernamePasswordAuthenticationFilter'
2020-mrt.-11 13:44:25.532 DEBUG [http-nio-8080-exec-4] o.s.s.w.u.m.AntPathRequestMatcher - Request 'GET /login' doesn't match 'POST /login'
2020-mrt.-11 13:44:25.532 DEBUG [http-nio-8080-exec-4] o.s.s.w.FilterChainProxy - /login at position 7 of 15 in additional filter chain; firing Filter: 'DefaultLoginPageGeneratingFilter'
2020-mrt.-11 13:44:25.534 DEBUG [http-nio-8080-exec-4] o.s.s.w.h.w.HstsHeaderWriter - Not injecting HSTS header since it did not match the requestMatcher org.springframework.security.web.header.writers.HstsHeaderWriter$SecureRequestMatcher@12432c96
2020-mrt.-11 13:44:25.534 DEBUG [http-nio-8080-exec-4] o.s.s.w.c.HttpSessionSecurityContextRepository - SecurityContext is empty or contents are anonymous - context will not be stored in HttpSession.
2020-mrt.-11 13:44:25.534 DEBUG [http-nio-8080-exec-4] o.s.s.w.c.SecurityContextPersistenceFilter - SecurityContextHolder now cleared, as request processing completed
2020-mrt.-11 13:44:25.672 DEBUG [http-nio-8080-exec-5] o.s.s.w.FilterChainProxy - /login at position 1 of 15 in additional filter chain; firing Filter: 'WebAsyncManagerIntegrationFilter'
2020-mrt.-11 13:44:25.672 DEBUG [http-nio-8080-exec-5] o.s.s.w.FilterChainProxy - /login at position 2 of 15 in additional filter chain; firing Filter: 'SecurityContextPersistenceFilter'
2020-mrt.-11 13:44:25.672 DEBUG [http-nio-8080-exec-5] o.s.s.w.c.HttpSessionSecurityContextRepository - HttpSession returned null object for SPRING_SECURITY_CONTEXT
2020-mrt.-11 13:44:25.672 DEBUG [http-nio-8080-exec-5] o.s.s.w.c.HttpSessionSecurityContextRepository - No SecurityContext was available from the HttpSession: org.apache.catalina.session.StandardSessionFacade@5faf2bd2. A new one will be created.
2020-mrt.-11 13:44:25.672 DEBUG [http-nio-8080-exec-5] o.s.s.w.FilterChainProxy - /login at position 3 of 15 in additional filter chain; firing Filter: 'HeaderWriterFilter'
2020-mrt.-11 13:44:25.672 DEBUG [http-nio-8080-exec-5] o.s.s.w.FilterChainProxy - /login at position 4 of 15 in additional filter chain; firing Filter: 'CsrfFilter'
2020-mrt.-11 13:44:25.672 DEBUG [http-nio-8080-exec-5] o.s.s.w.FilterChainProxy - /login at position 5 of 15 in additional filter chain; firing Filter: 'LogoutFilter'
2020-mrt.-11 13:44:25.672 DEBUG [http-nio-8080-exec-5] o.s.s.w.u.m.AntPathRequestMatcher - Request 'GET /login' doesn't match 'POST /logout'
2020-mrt.-11 13:44:25.672 DEBUG [http-nio-8080-exec-5] o.s.s.w.FilterChainProxy - /login at position 6 of 15 in additional filter chain; firing Filter: 'UsernamePasswordAuthenticationFilter'
2020-mrt.-11 13:44:25.672 DEBUG [http-nio-8080-exec-5] o.s.s.w.u.m.AntPathRequestMatcher - Request 'GET /login' doesn't match 'POST /login'
2020-mrt.-11 13:44:25.672 DEBUG [http-nio-8080-exec-5] o.s.s.w.FilterChainProxy - /login at position 7 of 15 in additional filter chain; firing Filter: 'DefaultLoginPageGeneratingFilter'
2020-mrt.-11 13:44:25.673 DEBUG [http-nio-8080-exec-5] o.s.s.w.h.w.HstsHeaderWriter - Not injecting HSTS header since it did not match the requestMatcher org.springframework.security.web.header.writers.HstsHeaderWriter$SecureRequestMatcher@12432c96
2020-mrt.-11 13:44:25.673 DEBUG [http-nio-8080-exec-5] o.s.s.w.c.HttpSessionSecurityContextRepository - SecurityContext is empty or contents are anonymous - context will not be stored in HttpSession.
2020-mrt.-11 13:44:25.674 DEBUG [http-nio-8080-exec-5] o.s.s.w.c.SecurityContextPersistenceFilter - SecurityContextHolder now cleared, as request processing completed
2020-mrt.-11 13:44:25.821 DEBUG [http-nio-8080-exec-6] o.s.s.w.FilterChainProxy - /login at position 1 of 15 in additional filter chain; firing Filter: 'WebAsyncManagerIntegrationFilter'
2020-mrt.-11 13:44:25.822 DEBUG [http-nio-8080-exec-6] o.s.s.w.FilterChainProxy - /login at position 2 of 15 in additional filter chain; firing Filter: 'SecurityContextPersistenceFilter'
2020-mrt.-11 13:44:25.822 DEBUG [http-nio-8080-exec-6] o.s.s.w.c.HttpSessionSecurityContextRepository - HttpSession returned null object for SPRING_SECURITY_CONTEXT
2020-mrt.-11 13:44:25.822 DEBUG [http-nio-8080-exec-6] o.s.s.w.c.HttpSessionSecurityContextRepository - No SecurityContext was available from the HttpSession: org.apache.catalina.session.StandardSessionFacade@5faf2bd2. A new one will be created.
2020-mrt.-11 13:44:25.822 DEBUG [http-nio-8080-exec-6] o.s.s.w.FilterChainProxy - /login at position 3 of 15 in additional filter chain; firing Filter: 'HeaderWriterFilter'
2020-mrt.-11 13:44:25.822 DEBUG [http-nio-8080-exec-6] o.s.s.w.FilterChainProxy - /login at position 4 of 15 in additional filter chain; firing Filter: 'CsrfFilter'
2020-mrt.-11 13:44:25.822 DEBUG [http-nio-8080-exec-6] o.s.s.w.FilterChainProxy - /login at position 5 of 15 in additional filter chain; firing Filter: 'LogoutFilter'
2020-mrt.-11 13:44:25.822 DEBUG [http-nio-8080-exec-6] o.s.s.w.u.m.AntPathRequestMatcher - Request 'GET /login' doesn't match 'POST /logout'
2020-mrt.-11 13:44:25.822 DEBUG [http-nio-8080-exec-6] o.s.s.w.FilterChainProxy - /login at position 6 of 15 in additional filter chain; firing Filter: 'UsernamePasswordAuthenticationFilter'
2020-mrt.-11 13:44:25.822 DEBUG [http-nio-8080-exec-6] o.s.s.w.u.m.AntPathRequestMatcher - Request 'GET /login' doesn't match 'POST /login'
2020-mrt.-11 13:44:25.822 DEBUG [http-nio-8080-exec-6] o.s.s.w.FilterChainProxy - /login at position 7 of 15 in additional filter chain; firing Filter: 'DefaultLoginPageGeneratingFilter'
2020-mrt.-11 13:44:25.822 DEBUG [http-nio-8080-exec-6] o.s.s.w.h.w.HstsHeaderWriter - Not injecting HSTS header since it did not match the requestMatcher org.springframework.security.web.header.writers.HstsHeaderWriter$SecureRequestMatcher@12432c96
2020-mrt.-11 13:44:25.822 DEBUG [http-nio-8080-exec-6] o.s.s.w.c.HttpSessionSecurityContextRepository - SecurityContext is empty or contents are anonymous - context will not be stored in HttpSession.
2020-mrt.-11 13:44:25.823 DEBUG [http-nio-8080-exec-6] o.s.s.w.c.SecurityContextPersistenceFilter - SecurityContextHolder now cleared, as request processing completed
2020-mrt.-11 13:44:25.985 DEBUG [http-nio-8080-exec-7] o.s.s.w.FilterChainProxy - /login at position 1 of 15 in additional filter chain; firing Filter: 'WebAsyncManagerIntegrationFilter'
2020-mrt.-11 13:44:25.986 DEBUG [http-nio-8080-exec-7] o.s.s.w.FilterChainProxy - /login at position 2 of 15 in additional filter chain; firing Filter: 'SecurityContextPersistenceFilter'
2020-mrt.-11 13:44:25.986 DEBUG [http-nio-8080-exec-7] o.s.s.w.c.HttpSessionSecurityContextRepository - HttpSession returned null object for SPRING_SECURITY_CONTEXT
2020-mrt.-11 13:44:25.986 DEBUG [http-nio-8080-exec-7] o.s.s.w.c.HttpSessionSecurityContextRepository - No SecurityContext was available from the HttpSession: org.apache.catalina.session.StandardSessionFacade@5faf2bd2. A new one will be created.
2020-mrt.-11 13:44:25.986 DEBUG [http-nio-8080-exec-7] o.s.s.w.FilterChainProxy - /login at position 3 of 15 in additional filter chain; firing Filter: 'HeaderWriterFilter'
2020-mrt.-11 13:44:25.987 DEBUG [http-nio-8080-exec-7] o.s.s.w.FilterChainProxy - /login at position 4 of 15 in additional filter chain; firing Filter: 'CsrfFilter'
2020-mrt.-11 13:44:25.987 DEBUG [http-nio-8080-exec-7] o.s.s.w.FilterChainProxy - /login at position 5 of 15 in additional filter chain; firing Filter: 'LogoutFilter'
2020-mrt.-11 13:44:25.987 DEBUG [http-nio-8080-exec-7] o.s.s.w.u.m.AntPathRequestMatcher - Request 'GET /login' doesn't match 'POST /logout'
2020-mrt.-11 13:44:25.987 DEBUG [http-nio-8080-exec-7] o.s.s.w.FilterChainProxy - /login at position 6 of 15 in additional filter chain; firing Filter: 'UsernamePasswordAuthenticationFilter'
2020-mrt.-11 13:44:25.987 DEBUG [http-nio-8080-exec-7] o.s.s.w.u.m.AntPathRequestMatcher - Request 'GET /login' doesn't match 'POST /login'
2020-mrt.-11 13:44:25.987 DEBUG [http-nio-8080-exec-7] o.s.s.w.FilterChainProxy - /login at position 7 of 15 in additional filter chain; firing Filter: 'DefaultLoginPageGeneratingFilter'
2020-mrt.-11 13:44:25.987 DEBUG [http-nio-8080-exec-7] o.s.s.w.h.w.HstsHeaderWriter - Not injecting HSTS header since it did not match the requestMatcher org.springframework.security.web.header.writers.HstsHeaderWriter$SecureRequestMatcher@12432c96
2020-mrt.-11 13:44:25.987 DEBUG [http-nio-8080-exec-7] o.s.s.w.c.HttpSessionSecurityContextRepository - SecurityContext is empty or contents are anonymous - context will not be stored in HttpSession.
2020-mrt.-11 13:44:25.987 DEBUG [http-nio-8080-exec-7] o.s.s.w.c.SecurityContextPersistenceFilter - SecurityContextHolder now cleared, as request processing completed
2020-mrt.-11 13:44:26.181 DEBUG [http-nio-8080-exec-8] o.s.s.w.FilterChainProxy - /login at position 1 of 15 in additional filter chain; firing Filter: 'WebAsyncManagerIntegrationFilter'
2020-mrt.-11 13:44:26.181 DEBUG [http-nio-8080-exec-8] o.s.s.w.FilterChainProxy - /login at position 2 of 15 in additional filter chain; firing Filter: 'SecurityContextPersistenceFilter'
2020-mrt.-11 13:44:26.182 DEBUG [http-nio-8080-exec-8] o.s.s.w.c.HttpSessionSecurityContextRepository - HttpSession returned null object for SPRING_SECURITY_CONTEXT
2020-mrt.-11 13:44:26.183 DEBUG [http-nio-8080-exec-8] o.s.s.w.c.HttpSessionSecurityContextRepository - No SecurityContext was available from the HttpSession: org.apache.catalina.session.StandardSessionFacade@5faf2bd2. A new one will be created.
2020-mrt.-11 13:44:26.183 DEBUG [http-nio-8080-exec-8] o.s.s.w.FilterChainProxy - /login at position 3 of 15 in additional filter chain; firing Filter: 'HeaderWriterFilter'
2020-mrt.-11 13:44:26.183 DEBUG [http-nio-8080-exec-8] o.s.s.w.FilterChainProxy - /login at position 4 of 15 in additional filter chain; firing Filter: 'CsrfFilter'
2020-mrt.-11 13:44:26.183 DEBUG [http-nio-8080-exec-8] o.s.s.w.FilterChainProxy - /login at position 5 of 15 in additional filter chain; firing Filter: 'LogoutFilter'
2020-mrt.-11 13:44:26.183 DEBUG [http-nio-8080-exec-8] o.s.s.w.u.m.AntPathRequestMatcher - Request 'GET /login' doesn't match 'POST /logout'
2020-mrt.-11 13:44:26.183 DEBUG [http-nio-8080-exec-8] o.s.s.w.FilterChainProxy - /login at position 6 of 15 in additional filter chain; firing Filter: 'UsernamePasswordAuthenticationFilter'
2020-mrt.-11 13:44:26.183 DEBUG [http-nio-8080-exec-8] o.s.s.w.u.m.AntPathRequestMatcher - Request 'GET /login' doesn't match 'POST /login'
2020-mrt.-11 13:44:26.183 DEBUG [http-nio-8080-exec-8] o.s.s.w.FilterChainProxy - /login at position 7 of 15 in additional filter chain; firing Filter: 'DefaultLoginPageGeneratingFilter'
2020-mrt.-11 13:44:26.183 DEBUG [http-nio-8080-exec-8] o.s.s.w.h.w.HstsHeaderWriter - Not injecting HSTS header since it did not match the requestMatcher org.springframework.security.web.header.writers.HstsHeaderWriter$SecureRequestMatcher@12432c96
2020-mrt.-11 13:44:26.183 DEBUG [http-nio-8080-exec-8] o.s.s.w.c.HttpSessionSecurityContextRepository - SecurityContext is empty or contents are anonymous - context will not be stored in HttpSession.
2020-mrt.-11 13:44:26.183 DEBUG [http-nio-8080-exec-8] o.s.s.w.c.SecurityContextPersistenceFilter - SecurityContextHolder now cleared, as request processing completed
2020-mrt.-11 13:44:28.514 DEBUG [http-nio-8080-exec-9] o.s.s.w.FilterChainProxy - / at position 1 of 15 in additional filter chain; firing Filter: 'WebAsyncManagerIntegrationFilter'
2020-mrt.-11 13:44:28.516 DEBUG [http-nio-8080-exec-9] o.s.s.w.FilterChainProxy - / at position 2 of 15 in additional filter chain; firing Filter: 'SecurityContextPersistenceFilter'
2020-mrt.-11 13:44:28.516 DEBUG [http-nio-8080-exec-9] o.s.s.w.c.HttpSessionSecurityContextRepository - HttpSession returned null object for SPRING_SECURITY_CONTEXT
2020-mrt.-11 13:44:28.516 DEBUG [http-nio-8080-exec-9] o.s.s.w.c.HttpSessionSecurityContextRepository - No SecurityContext was available from the HttpSession: org.apache.catalina.session.StandardSessionFacade@5faf2bd2. A new one will be created.
2020-mrt.-11 13:44:28.516 DEBUG [http-nio-8080-exec-9] o.s.s.w.FilterChainProxy - / at position 3 of 15 in additional filter chain; firing Filter: 'HeaderWriterFilter'
2020-mrt.-11 13:44:28.517 DEBUG [http-nio-8080-exec-9] o.s.s.w.FilterChainProxy - / at position 4 of 15 in additional filter chain; firing Filter: 'CsrfFilter'
2020-mrt.-11 13:44:28.517 DEBUG [http-nio-8080-exec-9] o.s.s.w.FilterChainProxy - / at position 5 of 15 in additional filter chain; firing Filter: 'LogoutFilter'
2020-mrt.-11 13:44:28.517 DEBUG [http-nio-8080-exec-9] o.s.s.w.u.m.AntPathRequestMatcher - Request 'GET /' doesn't match 'POST /logout'
2020-mrt.-11 13:44:28.517 DEBUG [http-nio-8080-exec-9] o.s.s.w.FilterChainProxy - / at position 6 of 15 in additional filter chain; firing Filter: 'UsernamePasswordAuthenticationFilter'
2020-mrt.-11 13:44:28.517 DEBUG [http-nio-8080-exec-9] o.s.s.w.u.m.AntPathRequestMatcher - Request 'GET /' doesn't match 'POST /login'
2020-mrt.-11 13:44:28.517 DEBUG [http-nio-8080-exec-9] o.s.s.w.FilterChainProxy - / at position 7 of 15 in additional filter chain; firing Filter: 'DefaultLoginPageGeneratingFilter'
2020-mrt.-11 13:44:28.517 DEBUG [http-nio-8080-exec-9] o.s.s.w.FilterChainProxy - / at position 8 of 15 in additional filter chain; firing Filter: 'DefaultLogoutPageGeneratingFilter'
2020-mrt.-11 13:44:28.517 DEBUG [http-nio-8080-exec-9] o.s.s.w.u.m.AntPathRequestMatcher - Checking match of request : '/'; against '/logout'
2020-mrt.-11 13:44:28.518 DEBUG [http-nio-8080-exec-9] o.s.s.w.FilterChainProxy - / at position 9 of 15 in additional filter chain; firing Filter: 'BasicAuthenticationFilter'
2020-mrt.-11 13:44:28.518 DEBUG [http-nio-8080-exec-9] o.s.s.w.FilterChainProxy - / at position 10 of 15 in additional filter chain; firing Filter: 'RequestCacheAwareFilter'
2020-mrt.-11 13:44:28.518 DEBUG [http-nio-8080-exec-9] o.s.s.w.s.HttpSessionRequestCache - saved request doesn't match
2020-mrt.-11 13:44:28.518 DEBUG [http-nio-8080-exec-9] o.s.s.w.FilterChainProxy - / at position 11 of 15 in additional filter chain; firing Filter: 'SecurityContextHolderAwareRequestFilter'
2020-mrt.-11 13:44:28.519 DEBUG [http-nio-8080-exec-9] o.s.s.w.FilterChainProxy - / at position 12 of 15 in additional filter chain; firing Filter: 'AnonymousAuthenticationFilter'
2020-mrt.-11 13:44:28.520 DEBUG [http-nio-8080-exec-9] o.s.s.w.a.AnonymousAuthenticationFilter - Populated SecurityContextHolder with anonymous token: 'org.springframework.security.authentication.AnonymousAuthenticationToken@8585091e: Principal: anonymousUser; Credentials: [PROTECTED]; Authenticated: true; Details: org.springframework.security.web.authentication.WebAuthenticationDetails@fffdaa08: RemoteIpAddress: 127.0.0.1; SessionId: AD91ECC31E0AAF7AE41E08158D75615E; Granted Authorities: ROLE_ANONYMOUS'
2020-mrt.-11 13:44:28.520 DEBUG [http-nio-8080-exec-9] o.s.s.w.FilterChainProxy - / at position 13 of 15 in additional filter chain; firing Filter: 'SessionManagementFilter'
2020-mrt.-11 13:44:28.520 DEBUG [http-nio-8080-exec-9] o.s.s.w.FilterChainProxy - / at position 14 of 15 in additional filter chain; firing Filter: 'ExceptionTranslationFilter'
2020-mrt.-11 13:44:28.521 DEBUG [http-nio-8080-exec-9] o.s.s.w.FilterChainProxy - / at position 15 of 15 in additional filter chain; firing Filter: 'FilterSecurityInterceptor'
2020-mrt.-11 13:44:28.522 DEBUG [http-nio-8080-exec-9] o.s.s.w.a.i.FilterSecurityInterceptor - Secure object: FilterInvocation: URL: /; Attributes: [authenticated]
2020-mrt.-11 13:44:28.522 DEBUG [http-nio-8080-exec-9] o.s.s.w.a.i.FilterSecurityInterceptor - Previously Authenticated: org.springframework.security.authentication.AnonymousAuthenticationToken@8585091e: Principal: anonymousUser; Credentials: [PROTECTED]; Authenticated: true; Details: org.springframework.security.web.authentication.WebAuthenticationDetails@fffdaa08: RemoteIpAddress: 127.0.0.1; SessionId: AD91ECC31E0AAF7AE41E08158D75615E; Granted Authorities: ROLE_ANONYMOUS
2020-mrt.-11 13:44:28.525 DEBUG [http-nio-8080-exec-9] o.s.s.a.v.AffirmativeBased - Voter: org.springframework.security.web.access.expression.WebExpressionVoter@368a0e, returned: -1
2020-mrt.-11 13:44:28.529 DEBUG [http-nio-8080-exec-9] o.s.s.w.a.ExceptionTranslationFilter - Access is denied (user is anonymous); redirecting to authentication entry point
org.springframework.security.access.AccessDeniedException: Access is denied
	at org.springframework.security.access.vote.AffirmativeBased.decide(AffirmativeBased.java:84)
	at org.springframework.security.access.intercept.AbstractSecurityInterceptor.beforeInvocation(AbstractSecurityInterceptor.java:233)
	at org.springframework.security.web.access.intercept.FilterSecurityInterceptor.invoke(FilterSecurityInterceptor.java:123)
	at org.springframework.security.web.access.intercept.FilterSecurityInterceptor.doFilter(FilterSecurityInterceptor.java:90)
	at org.springframework.security.web.FilterChainProxy$VirtualFilterChain.doFilter(FilterChainProxy.java:334)
	at org.springframework.security.web.access.ExceptionTranslationFilter.doFilter(ExceptionTranslationFilter.java:118)
	at org.springframework.security.web.FilterChainProxy$VirtualFilterChain.doFilter(FilterChainProxy.java:334)
	at org.springframework.security.web.session.SessionManagementFilter.doFilter(SessionManagementFilter.java:137)
	at org.springframework.security.web.FilterChainProxy$VirtualFilterChain.doFilter(FilterChainProxy.java:334)
	at org.springframework.security.web.authentication.AnonymousAuthenticationFilter.doFilter(AnonymousAuthenticationFilter.java:111)
	at org.springframework.security.web.FilterChainProxy$VirtualFilterChain.doFilter(FilterChainProxy.java:334)
	at org.springframework.security.web.servletapi.SecurityContextHolderAwareRequestFilter.doFilter(SecurityContextHolderAwareRequestFilter.java:158)
	at org.springframework.security.web.FilterChainProxy$VirtualFilterChain.doFilter(FilterChainProxy.java:334)
	at org.springframework.security.web.savedrequest.RequestCacheAwareFilter.doFilter(RequestCacheAwareFilter.java:63)
	at org.springframework.security.web.FilterChainProxy$VirtualFilterChain.doFilter(FilterChainProxy.java:334)
	at org.springframework.security.web.authentication.www.BasicAuthenticationFilter.doFilterInternal(BasicAuthenticationFilter.java:154)
	at org.springframework.web.filter.OncePerRequestFilter.doFilter(OncePerRequestFilter.java:119)
	at org.springframework.security.web.FilterChainProxy$VirtualFilterChain.doFilter(FilterChainProxy.java:334)
	at org.springframework.security.web.authentication.ui.DefaultLogoutPageGeneratingFilter.doFilterInternal(DefaultLogoutPageGeneratingFilter.java:52)
	at org.springframework.web.filter.OncePerRequestFilter.doFilter(OncePerRequestFilter.java:119)
	at org.springframework.security.web.FilterChainProxy$VirtualFilterChain.doFilter(FilterChainProxy.java:334)
	at org.springframework.security.web.authentication.ui.DefaultLoginPageGeneratingFilter.doFilter(DefaultLoginPageGeneratingFilter.java:216)
	at org.springframework.security.web.FilterChainProxy$VirtualFilterChain.doFilter(FilterChainProxy.java:334)
	at org.springframework.security.web.authentication.AbstractAuthenticationProcessingFilter.doFilter(AbstractAuthenticationProcessingFilter.java:200)
	at org.springframework.security.web.FilterChainProxy$VirtualFilterChain.doFilter(FilterChainProxy.java:334)
	at org.springframework.security.web.authentication.logout.LogoutFilter.doFilter(LogoutFilter.java:116)
	at org.springframework.security.web.FilterChainProxy$VirtualFilterChain.doFilter(FilterChainProxy.java:334)
	at org.springframework.security.web.csrf.CsrfFilter.doFilterInternal(CsrfFilter.java:117)
	at org.springframework.web.filter.OncePerRequestFilter.doFilter(OncePerRequestFilter.java:119)
	at org.springframework.security.web.FilterChainProxy$VirtualFilterChain.doFilter(FilterChainProxy.java:334)
	at org.springframework.security.web.header.HeaderWriterFilter.doHeadersAfter(HeaderWriterFilter.java:92)
	at org.springframework.security.web.header.HeaderWriterFilter.doFilterInternal(HeaderWriterFilter.java:77)
	at org.springframework.web.filter.OncePerRequestFilter.doFilter(OncePerRequestFilter.java:119)
	at org.springframework.security.web.FilterChainProxy$VirtualFilterChain.doFilter(FilterChainProxy.java:334)
	at org.springframework.security.web.context.SecurityContextPersistenceFilter.doFilter(SecurityContextPersistenceFilter.java:105)
	at org.springframework.security.web.FilterChainProxy$VirtualFilterChain.doFilter(FilterChainProxy.java:334)
	at org.springframework.security.web.context.request.async.WebAsyncManagerIntegrationFilter.doFilterInternal(WebAsyncManagerIntegrationFilter.java:56)
	at org.springframework.web.filter.OncePerRequestFilter.doFilter(OncePerRequestFilter.java:119)
	at org.springframework.security.web.FilterChainProxy$VirtualFilterChain.doFilter(FilterChainProxy.java:334)
	at org.springframework.security.web.FilterChainProxy.doFilterInternal(FilterChainProxy.java:215)
	at org.springframework.security.web.FilterChainProxy.doFilter(FilterChainProxy.java:178)
	at org.springframework.web.filter.DelegatingFilterProxy.invokeDelegate(DelegatingFilterProxy.java:358)
	at org.springframework.web.filter.DelegatingFilterProxy.doFilter(DelegatingFilterProxy.java:271)
	at org.apache.catalina.core.ApplicationFilterChain.internalDoFilter(ApplicationFilterChain.java:193)
	at org.apache.catalina.core.ApplicationFilterChain.doFilter(ApplicationFilterChain.java:166)
	at org.springframework.web.filter.RequestContextFilter.doFilterInternal(RequestContextFilter.java:100)
	at org.springframework.web.filter.OncePerRequestFilter.doFilter(OncePerRequestFilter.java:119)
	at org.apache.catalina.core.ApplicationFilterChain.internalDoFilter(ApplicationFilterChain.java:193)
	at org.apache.catalina.core.ApplicationFilterChain.doFilter(ApplicationFilterChain.java:166)
	at org.springframework.web.filter.FormContentFilter.doFilterInternal(FormContentFilter.java:93)
	at org.springframework.web.filter.OncePerRequestFilter.doFilter(OncePerRequestFilter.java:119)
	at org.apache.catalina.core.ApplicationFilterChain.internalDoFilter(ApplicationFilterChain.java:193)
	at org.apache.catalina.core.ApplicationFilterChain.doFilter(ApplicationFilterChain.java:166)
	at org.springframework.web.filter.CharacterEncodingFilter.doFilterInternal(CharacterEncodingFilter.java:201)
	at org.springframework.web.filter.OncePerRequestFilter.doFilter(OncePerRequestFilter.java:119)
	at org.apache.catalina.core.ApplicationFilterChain.internalDoFilter(ApplicationFilterChain.java:193)
	at org.apache.catalina.core.ApplicationFilterChain.doFilter(ApplicationFilterChain.java:166)
	at org.apache.catalina.core.StandardWrapperValve.invoke(StandardWrapperValve.java:202)
	at org.apache.catalina.core.StandardContextValve.invoke(StandardContextValve.java:96)
	at org.apache.catalina.authenticator.AuthenticatorBase.invoke(AuthenticatorBase.java:541)
	at org.apache.catalina.core.StandardHostValve.invoke(StandardHostValve.java:139)
	at org.apache.catalina.valves.ErrorReportValve.invoke(ErrorReportValve.java:92)
	at org.apache.catalina.core.StandardEngineValve.invoke(StandardEngineValve.java:74)
	at org.apache.catalina.connector.CoyoteAdapter.service(CoyoteAdapter.java:343)
	at org.apache.coyote.http11.Http11Processor.service(Http11Processor.java:367)
	at org.apache.coyote.AbstractProcessorLight.process(AbstractProcessorLight.java:65)
	at org.apache.coyote.AbstractProtocol$ConnectionHandler.process(AbstractProtocol.java:860)
	at org.apache.tomcat.util.net.NioEndpoint$SocketProcessor.doRun(NioEndpoint.java:1598)
	at org.apache.tomcat.util.net.SocketProcessorBase.run(SocketProcessorBase.java:49)
	at java.base/java.util.concurrent.ThreadPoolExecutor.runWorker(ThreadPoolExecutor.java:1128)
	at java.base/java.util.concurrent.ThreadPoolExecutor$Worker.run(ThreadPoolExecutor.java:628)
	at org.apache.tomcat.util.threads.TaskThread$WrappingRunnable.run(TaskThread.java:61)
	at java.base/java.lang.Thread.run(Thread.java:834)
2020-mrt.-11 13:44:28.533 DEBUG [http-nio-8080-exec-9] o.s.s.w.u.m.AndRequestMatcher - Trying to match using Ant [pattern='/**', GET]
2020-mrt.-11 13:44:28.533 DEBUG [http-nio-8080-exec-9] o.s.s.w.u.m.AntPathRequestMatcher - Request '/' matched by universal pattern '/**'
2020-mrt.-11 13:44:28.533 DEBUG [http-nio-8080-exec-9] o.s.s.w.u.m.AndRequestMatcher - Trying to match using NegatedRequestMatcher [requestMatcher=Ant [pattern='/**/favicon.*']]
2020-mrt.-11 13:44:28.533 DEBUG [http-nio-8080-exec-9] o.s.s.w.u.m.AntPathRequestMatcher - Checking match of request : '/'; against '/**/favicon.*'
2020-mrt.-11 13:44:28.533 DEBUG [http-nio-8080-exec-9] o.s.s.w.u.m.NegatedRequestMatcher - matches = true
2020-mrt.-11 13:44:28.533 DEBUG [http-nio-8080-exec-9] o.s.s.w.u.m.AndRequestMatcher - Trying to match using NegatedRequestMatcher [requestMatcher=MediaTypeRequestMatcher [contentNegotiationStrategy=org.springframework.web.accept.ContentNegotiationManager@241a5668, matchingMediaTypes=[application/json], useEquals=false, ignoredMediaTypes=[*/*]]]
2020-mrt.-11 13:44:28.534 DEBUG [http-nio-8080-exec-9] o.s.s.w.u.m.MediaTypeRequestMatcher - httpRequestMediaTypes=[text/html, application/xhtml+xml, application/xml;q=0.9, */*;q=0.8]
2020-mrt.-11 13:44:28.534 DEBUG [http-nio-8080-exec-9] o.s.s.w.u.m.MediaTypeRequestMatcher - Processing text/html
2020-mrt.-11 13:44:28.534 DEBUG [http-nio-8080-exec-9] o.s.s.w.u.m.MediaTypeRequestMatcher - application/json .isCompatibleWith text/html = false
2020-mrt.-11 13:44:28.534 DEBUG [http-nio-8080-exec-9] o.s.s.w.u.m.MediaTypeRequestMatcher - Processing application/xhtml+xml
2020-mrt.-11 13:44:28.534 DEBUG [http-nio-8080-exec-9] o.s.s.w.u.m.MediaTypeRequestMatcher - application/json .isCompatibleWith application/xhtml+xml = false
2020-mrt.-11 13:44:28.534 DEBUG [http-nio-8080-exec-9] o.s.s.w.u.m.MediaTypeRequestMatcher - Processing application/xml;q=0.9
2020-mrt.-11 13:44:28.534 DEBUG [http-nio-8080-exec-9] o.s.s.w.u.m.MediaTypeRequestMatcher - application/json .isCompatibleWith application/xml;q=0.9 = false
2020-mrt.-11 13:44:28.534 DEBUG [http-nio-8080-exec-9] o.s.s.w.u.m.MediaTypeRequestMatcher - Processing */*;q=0.8
2020-mrt.-11 13:44:28.534 DEBUG [http-nio-8080-exec-9] o.s.s.w.u.m.MediaTypeRequestMatcher - Ignoring
2020-mrt.-11 13:44:28.534 DEBUG [http-nio-8080-exec-9] o.s.s.w.u.m.MediaTypeRequestMatcher - Did not match any media types
2020-mrt.-11 13:44:28.534 DEBUG [http-nio-8080-exec-9] o.s.s.w.u.m.NegatedRequestMatcher - matches = true
2020-mrt.-11 13:44:28.534 DEBUG [http-nio-8080-exec-9] o.s.s.w.u.m.AndRequestMatcher - Trying to match using NegatedRequestMatcher [requestMatcher=RequestHeaderRequestMatcher [expectedHeaderName=X-Requested-With, expectedHeaderValue=XMLHttpRequest]]
2020-mrt.-11 13:44:28.534 DEBUG [http-nio-8080-exec-9] o.s.s.w.u.m.NegatedRequestMatcher - matches = true
2020-mrt.-11 13:44:28.534 DEBUG [http-nio-8080-exec-9] o.s.s.w.u.m.AndRequestMatcher - Trying to match using NegatedRequestMatcher [requestMatcher=MediaTypeRequestMatcher [contentNegotiationStrategy=org.springframework.web.accept.ContentNegotiationManager@241a5668, matchingMediaTypes=[multipart/form-data], useEquals=false, ignoredMediaTypes=[*/*]]]
2020-mrt.-11 13:44:28.535 DEBUG [http-nio-8080-exec-9] o.s.s.w.u.m.MediaTypeRequestMatcher - httpRequestMediaTypes=[text/html, application/xhtml+xml, application/xml;q=0.9, */*;q=0.8]
2020-mrt.-11 13:44:28.535 DEBUG [http-nio-8080-exec-9] o.s.s.w.u.m.MediaTypeRequestMatcher - Processing text/html
2020-mrt.-11 13:44:28.535 DEBUG [http-nio-8080-exec-9] o.s.s.w.u.m.MediaTypeRequestMatcher - multipart/form-data .isCompatibleWith text/html = false
2020-mrt.-11 13:44:28.535 DEBUG [http-nio-8080-exec-9] o.s.s.w.u.m.MediaTypeRequestMatcher - Processing application/xhtml+xml
2020-mrt.-11 13:44:28.535 DEBUG [http-nio-8080-exec-9] o.s.s.w.u.m.MediaTypeRequestMatcher - multipart/form-data .isCompatibleWith application/xhtml+xml = false
2020-mrt.-11 13:44:28.535 DEBUG [http-nio-8080-exec-9] o.s.s.w.u.m.MediaTypeRequestMatcher - Processing application/xml;q=0.9
2020-mrt.-11 13:44:28.535 DEBUG [http-nio-8080-exec-9] o.s.s.w.u.m.MediaTypeRequestMatcher - multipart/form-data .isCompatibleWith application/xml;q=0.9 = false
2020-mrt.-11 13:44:28.536 DEBUG [http-nio-8080-exec-9] o.s.s.w.u.m.MediaTypeRequestMatcher - Processing */*;q=0.8
2020-mrt.-11 13:44:28.536 DEBUG [http-nio-8080-exec-9] o.s.s.w.u.m.MediaTypeRequestMatcher - Ignoring
2020-mrt.-11 13:44:28.536 DEBUG [http-nio-8080-exec-9] o.s.s.w.u.m.MediaTypeRequestMatcher - Did not match any media types
2020-mrt.-11 13:44:28.537 DEBUG [http-nio-8080-exec-9] o.s.s.w.u.m.NegatedRequestMatcher - matches = true
2020-mrt.-11 13:44:28.537 DEBUG [http-nio-8080-exec-9] o.s.s.w.u.m.AndRequestMatcher - All requestMatchers returned true
2020-mrt.-11 13:44:28.541 DEBUG [http-nio-8080-exec-9] o.s.s.w.s.HttpSessionRequestCache - DefaultSavedRequest added to Session: DefaultSavedRequest[http://localhost:8080/]
2020-mrt.-11 13:44:28.541 DEBUG [http-nio-8080-exec-9] o.s.s.w.a.ExceptionTranslationFilter - Calling Authentication entry point.
2020-mrt.-11 13:44:28.541 DEBUG [http-nio-8080-exec-9] o.s.s.w.a.DelegatingAuthenticationEntryPoint - Trying to match using AndRequestMatcher [requestMatchers=[NegatedRequestMatcher [requestMatcher=RequestHeaderRequestMatcher [expectedHeaderName=X-Requested-With, expectedHeaderValue=XMLHttpRequest]], MediaTypeRequestMatcher [contentNegotiationStrategy=org.springframework.web.accept.ContentNegotiationManager@241a5668, matchingMediaTypes=[application/xhtml+xml, image/*, text/html, text/plain], useEquals=false, ignoredMediaTypes=[*/*]]]]
2020-mrt.-11 13:44:28.541 DEBUG [http-nio-8080-exec-9] o.s.s.w.u.m.AndRequestMatcher - Trying to match using NegatedRequestMatcher [requestMatcher=RequestHeaderRequestMatcher [expectedHeaderName=X-Requested-With, expectedHeaderValue=XMLHttpRequest]]
2020-mrt.-11 13:44:28.541 DEBUG [http-nio-8080-exec-9] o.s.s.w.u.m.NegatedRequestMatcher - matches = true
2020-mrt.-11 13:44:28.541 DEBUG [http-nio-8080-exec-9] o.s.s.w.u.m.AndRequestMatcher - Trying to match using MediaTypeRequestMatcher [contentNegotiationStrategy=org.springframework.web.accept.ContentNegotiationManager@241a5668, matchingMediaTypes=[application/xhtml+xml, image/*, text/html, text/plain], useEquals=false, ignoredMediaTypes=[*/*]]
2020-mrt.-11 13:44:28.545 DEBUG [http-nio-8080-exec-9] o.s.s.w.u.m.MediaTypeRequestMatcher - httpRequestMediaTypes=[text/html, application/xhtml+xml, application/xml;q=0.9, */*;q=0.8]
2020-mrt.-11 13:44:28.545 DEBUG [http-nio-8080-exec-9] o.s.s.w.u.m.MediaTypeRequestMatcher - Processing text/html
2020-mrt.-11 13:44:28.545 DEBUG [http-nio-8080-exec-9] o.s.s.w.u.m.MediaTypeRequestMatcher - application/xhtml+xml .isCompatibleWith text/html = false
2020-mrt.-11 13:44:28.545 DEBUG [http-nio-8080-exec-9] o.s.s.w.u.m.MediaTypeRequestMatcher - image/* .isCompatibleWith text/html = false
2020-mrt.-11 13:44:28.545 DEBUG [http-nio-8080-exec-9] o.s.s.w.u.m.MediaTypeRequestMatcher - text/html .isCompatibleWith text/html = true
2020-mrt.-11 13:44:28.545 DEBUG [http-nio-8080-exec-9] o.s.s.w.u.m.AndRequestMatcher - All requestMatchers returned true
2020-mrt.-11 13:44:28.545 DEBUG [http-nio-8080-exec-9] o.s.s.w.a.DelegatingAuthenticationEntryPoint - Match found! Executing org.springframework.security.web.authentication.LoginUrlAuthenticationEntryPoint@57435801
2020-mrt.-11 13:44:28.546 DEBUG [http-nio-8080-exec-9] o.s.s.w.DefaultRedirectStrategy - Redirecting to 'http://localhost:8080/login'
2020-mrt.-11 13:44:28.546 DEBUG [http-nio-8080-exec-9] o.s.s.w.h.w.HstsHeaderWriter - Not injecting HSTS header since it did not match the requestMatcher org.springframework.security.web.header.writers.HstsHeaderWriter$SecureRequestMatcher@12432c96
2020-mrt.-11 13:44:28.546 DEBUG [http-nio-8080-exec-9] o.s.s.w.c.HttpSessionSecurityContextRepository - SecurityContext is empty or contents are anonymous - context will not be stored in HttpSession.
2020-mrt.-11 13:44:28.546 DEBUG [http-nio-8080-exec-9] o.s.s.w.c.SecurityContextPersistenceFilter - SecurityContextHolder now cleared, as request processing completed
2020-mrt.-11 13:44:28.551 DEBUG [http-nio-8080-exec-10] o.s.s.w.FilterChainProxy - /login at position 1 of 15 in additional filter chain; firing Filter: 'WebAsyncManagerIntegrationFilter'
2020-mrt.-11 13:44:28.551 DEBUG [http-nio-8080-exec-10] o.s.s.w.FilterChainProxy - /login at position 2 of 15 in additional filter chain; firing Filter: 'SecurityContextPersistenceFilter'
2020-mrt.-11 13:44:28.551 DEBUG [http-nio-8080-exec-10] o.s.s.w.c.HttpSessionSecurityContextRepository - HttpSession returned null object for SPRING_SECURITY_CONTEXT
2020-mrt.-11 13:44:28.551 DEBUG [http-nio-8080-exec-10] o.s.s.w.c.HttpSessionSecurityContextRepository - No SecurityContext was available from the HttpSession: org.apache.catalina.session.StandardSessionFacade@5faf2bd2. A new one will be created.
2020-mrt.-11 13:44:28.551 DEBUG [http-nio-8080-exec-10] o.s.s.w.FilterChainProxy - /login at position 3 of 15 in additional filter chain; firing Filter: 'HeaderWriterFilter'
2020-mrt.-11 13:44:28.551 DEBUG [http-nio-8080-exec-10] o.s.s.w.FilterChainProxy - /login at position 4 of 15 in additional filter chain; firing Filter: 'CsrfFilter'
2020-mrt.-11 13:44:28.551 DEBUG [http-nio-8080-exec-10] o.s.s.w.FilterChainProxy - /login at position 5 of 15 in additional filter chain; firing Filter: 'LogoutFilter'
2020-mrt.-11 13:44:28.551 DEBUG [http-nio-8080-exec-10] o.s.s.w.u.m.AntPathRequestMatcher - Request 'GET /login' doesn't match 'POST /logout'
2020-mrt.-11 13:44:28.551 DEBUG [http-nio-8080-exec-10] o.s.s.w.FilterChainProxy - /login at position 6 of 15 in additional filter chain; firing Filter: 'UsernamePasswordAuthenticationFilter'
2020-mrt.-11 13:44:28.551 DEBUG [http-nio-8080-exec-10] o.s.s.w.u.m.AntPathRequestMatcher - Request 'GET /login' doesn't match 'POST /login'
2020-mrt.-11 13:44:28.551 DEBUG [http-nio-8080-exec-10] o.s.s.w.FilterChainProxy - /login at position 7 of 15 in additional filter chain; firing Filter: 'DefaultLoginPageGeneratingFilter'
2020-mrt.-11 13:44:28.551 DEBUG [http-nio-8080-exec-10] o.s.s.w.h.w.HstsHeaderWriter - Not injecting HSTS header since it did not match the requestMatcher org.springframework.security.web.header.writers.HstsHeaderWriter$SecureRequestMatcher@12432c96
2020-mrt.-11 13:44:28.551 DEBUG [http-nio-8080-exec-10] o.s.s.w.c.HttpSessionSecurityContextRepository - SecurityContext is empty or contents are anonymous - context will not be stored in HttpSession.
2020-mrt.-11 13:44:28.552 DEBUG [http-nio-8080-exec-10] o.s.s.w.c.SecurityContextPersistenceFilter - SecurityContextHolder now cleared, as request processing completed
